0 info it worked if it ends with ok
1 verbose cli [ 'node', '/usr/local/bin/npm', 'publish' ]
2 info using npm@1.2.18
3 info using node@v0.10.4
4 verbose publish [ '.' ]
5 verbose read json /Users/etiennesamson/Sites/github/grunt-cssc/package.json
6 verbose cache add [ '.', null ]
7 verbose cache add name=undefined spec="." args=[".",null]
8 verbose parsed url { protocol: null,
8 verbose parsed url   slashes: null,
8 verbose parsed url   auth: null,
8 verbose parsed url   host: null,
8 verbose parsed url   port: null,
8 verbose parsed url   hostname: null,
8 verbose parsed url   hash: null,
8 verbose parsed url   search: null,
8 verbose parsed url   query: null,
8 verbose parsed url   pathname: '.',
8 verbose parsed url   path: '.',
8 verbose parsed url   href: '.' }
9 silly lockFile 3a52ce78- .
10 verbose lock . /Users/etiennesamson/.npm/3a52ce78-.lock
11 verbose read json package.json
12 verbose tar pack [ '/Users/etiennesamson/tmp/npm-4418/1367277109917-0.19361906498670578/tmp.tgz',
12 verbose tar pack   '.' ]
13 verbose tarball /Users/etiennesamson/tmp/npm-4418/1367277109917-0.19361906498670578/tmp.tgz
14 verbose folder .
15 info prepublish grunt-cssc@0.2.5
16 silly lockFile 3a52ce78- .
17 verbose lock . /Users/etiennesamson/.npm/3a52ce78-.lock
18 silly lockFile 7458f5a8-9917-0-19361906498670578-tmp-tgz /Users/etiennesamson/tmp/npm-4418/1367277109917-0.19361906498670578/tmp.tgz
19 verbose lock /Users/etiennesamson/tmp/npm-4418/1367277109917-0.19361906498670578/tmp.tgz /Users/etiennesamson/.npm/7458f5a8-9917-0-19361906498670578-tmp-tgz.lock
20 silly lockFile 3a52ce78- .
21 silly lockFile 3a52ce78- .
22 silly lockFile 7458f5a8-9917-0-19361906498670578-tmp-tgz /Users/etiennesamson/tmp/npm-4418/1367277109917-0.19361906498670578/tmp.tgz
23 silly lockFile 7458f5a8-9917-0-19361906498670578-tmp-tgz /Users/etiennesamson/tmp/npm-4418/1367277109917-0.19361906498670578/tmp.tgz
24 verbose tar unpack /Users/etiennesamson/tmp/npm-4418/1367277109917-0.19361906498670578/tmp.tgz
25 silly lockFile 968aaf03-9917-0-19361906498670578-package /Users/etiennesamson/tmp/npm-4418/1367277109917-0.19361906498670578/package
26 verbose lock /Users/etiennesamson/tmp/npm-4418/1367277109917-0.19361906498670578/package /Users/etiennesamson/.npm/968aaf03-9917-0-19361906498670578-package.lock
27 silly lockFile 7458f5a8-9917-0-19361906498670578-tmp-tgz /Users/etiennesamson/tmp/npm-4418/1367277109917-0.19361906498670578/tmp.tgz
28 verbose lock /Users/etiennesamson/tmp/npm-4418/1367277109917-0.19361906498670578/tmp.tgz /Users/etiennesamson/.npm/7458f5a8-9917-0-19361906498670578-tmp-tgz.lock
29 silly gunzTarPerm modes [ '755', '644' ]
30 silly gunzTarPerm extractEntry package.json
31 silly gunzTarPerm extractEntry .npmignore
32 silly gunzTarPerm extractEntry README.md
33 silly gunzTarPerm extractEntry Gruntfile.js
34 silly gunzTarPerm extractEntry .idea/.name
35 silly gunzTarPerm extractEntry .idea/cssxfire.xml
36 silly gunzTarPerm extractEntry .idea/encodings.xml
37 silly gunzTarPerm extractEntry .idea/grunt-cssc.iml
38 silly gunzTarPerm extractEntry .idea/libraries/sass_stdlib.xml
39 silly gunzTarPerm extractEntry .idea/misc.xml
40 silly gunzTarPerm extractEntry .idea/modules.xml
41 silly gunzTarPerm extractEntry .idea/scopes/scope_settings.xml
42 silly gunzTarPerm extractEntry .idea/vcs.xml
43 silly gunzTarPerm extractEntry .idea/workspace.xml
44 silly gunzTarPerm extractEntry LICENSE-MIT
45 silly gunzTarPerm extractEntry .jshintrc
46 silly gunzTarPerm extractEntry atlassian-ide-plugin.xml
47 silly gunzTarPerm extractEntry examples/css/01_normalize.css
48 silly gunzTarPerm extractEntry examples/css/02_screen.css
49 silly gunzTarPerm extractEntry examples/css/03_main.css
50 silly gunzTarPerm extractEntry examples/css/04_accur8.css
51 silly gunzTarPerm extractEntry examples/css/_ie.css
52 silly gunzTarPerm extractEntry examples/css/_print.css
53 silly gunzTarPerm extractEntry examples/ie.css
54 silly gunzTarPerm extractEntry examples/main.css
55 silly gunzTarPerm extractEntry examples/print.css
56 silly gunzTarPerm extractEntry tasks/cssc.js
57 silly gunzTarPerm extractEntry .travis.yml
58 silly gunzTarPerm extractEntry test/cssc_test.js
59 silly gunzTarPerm extractEntry test/base_css/01_normalize.css
60 silly gunzTarPerm extractEntry test/base_css/02_screen.css
61 silly gunzTarPerm extractEntry test/base_css/03_main.css
62 silly gunzTarPerm extractEntry test/base_css/04_accur8.css
63 silly gunzTarPerm extractEntry test/base_css/_print.css
64 silly gunzTarPerm extractEntry test/expected/main.css
65 silly gunzTarPerm extractEntry test/fixtures/main.css
66 verbose read json /Users/etiennesamson/tmp/npm-4418/1367277109917-0.19361906498670578/package/package.json
67 silly lockFile 968aaf03-9917-0-19361906498670578-package /Users/etiennesamson/tmp/npm-4418/1367277109917-0.19361906498670578/package
68 silly lockFile 968aaf03-9917-0-19361906498670578-package /Users/etiennesamson/tmp/npm-4418/1367277109917-0.19361906498670578/package
69 silly lockFile 7458f5a8-9917-0-19361906498670578-tmp-tgz /Users/etiennesamson/tmp/npm-4418/1367277109917-0.19361906498670578/tmp.tgz
70 silly lockFile 7458f5a8-9917-0-19361906498670578-tmp-tgz /Users/etiennesamson/tmp/npm-4418/1367277109917-0.19361906498670578/tmp.tgz
71 verbose from cache /Users/etiennesamson/tmp/npm-4418/1367277109917-0.19361906498670578/package/package.json
72 verbose tar pack [ '/Users/etiennesamson/.npm/grunt-cssc/0.2.5/package.tgz',
72 verbose tar pack   '/Users/etiennesamson/tmp/npm-4418/1367277109917-0.19361906498670578/package' ]
73 verbose tarball /Users/etiennesamson/.npm/grunt-cssc/0.2.5/package.tgz
74 verbose folder /Users/etiennesamson/tmp/npm-4418/1367277109917-0.19361906498670578/package
75 silly lockFile 968aaf03-9917-0-19361906498670578-package /Users/etiennesamson/tmp/npm-4418/1367277109917-0.19361906498670578/package
76 verbose lock /Users/etiennesamson/tmp/npm-4418/1367277109917-0.19361906498670578/package /Users/etiennesamson/.npm/968aaf03-9917-0-19361906498670578-package.lock
77 silly lockFile 39ef740d-npm-grunt-cssc-0-2-5-package-tgz /Users/etiennesamson/.npm/grunt-cssc/0.2.5/package.tgz
78 verbose lock /Users/etiennesamson/.npm/grunt-cssc/0.2.5/package.tgz /Users/etiennesamson/.npm/39ef740d-npm-grunt-cssc-0-2-5-package-tgz.lock
79 silly lockFile 968aaf03-9917-0-19361906498670578-package /Users/etiennesamson/tmp/npm-4418/1367277109917-0.19361906498670578/package
80 silly lockFile 968aaf03-9917-0-19361906498670578-package /Users/etiennesamson/tmp/npm-4418/1367277109917-0.19361906498670578/package
81 silly lockFile 39ef740d-npm-grunt-cssc-0-2-5-package-tgz /Users/etiennesamson/.npm/grunt-cssc/0.2.5/package.tgz
82 silly lockFile 39ef740d-npm-grunt-cssc-0-2-5-package-tgz /Users/etiennesamson/.npm/grunt-cssc/0.2.5/package.tgz
83 silly lockFile f0cb9097-son-npm-grunt-cssc-0-2-5-package /Users/etiennesamson/.npm/grunt-cssc/0.2.5/package
84 verbose lock /Users/etiennesamson/.npm/grunt-cssc/0.2.5/package /Users/etiennesamson/.npm/f0cb9097-son-npm-grunt-cssc-0-2-5-package.lock
85 silly lockFile f0cb9097-son-npm-grunt-cssc-0-2-5-package /Users/etiennesamson/.npm/grunt-cssc/0.2.5/package
86 silly lockFile f0cb9097-son-npm-grunt-cssc-0-2-5-package /Users/etiennesamson/.npm/grunt-cssc/0.2.5/package
87 verbose tar unpack /Users/etiennesamson/.npm/grunt-cssc/0.2.5/package.tgz
88 silly lockFile f0cb9097-son-npm-grunt-cssc-0-2-5-package /Users/etiennesamson/.npm/grunt-cssc/0.2.5/package
89 verbose lock /Users/etiennesamson/.npm/grunt-cssc/0.2.5/package /Users/etiennesamson/.npm/f0cb9097-son-npm-grunt-cssc-0-2-5-package.lock
90 silly lockFile 39ef740d-npm-grunt-cssc-0-2-5-package-tgz /Users/etiennesamson/.npm/grunt-cssc/0.2.5/package.tgz
91 verbose lock /Users/etiennesamson/.npm/grunt-cssc/0.2.5/package.tgz /Users/etiennesamson/.npm/39ef740d-npm-grunt-cssc-0-2-5-package-tgz.lock
92 silly gunzTarPerm modes [ '755', '644' ]
93 silly gunzTarPerm extractEntry package.json
94 silly gunzTarPerm extractEntry .npmignore
95 silly gunzTarPerm extractEntry README.md
96 silly gunzTarPerm extractEntry Gruntfile.js
97 silly gunzTarPerm extractEntry .idea/.name
98 silly gunzTarPerm extractEntry .idea/cssxfire.xml
99 silly gunzTarPerm extractEntry .idea/encodings.xml
100 silly gunzTarPerm extractEntry .idea/grunt-cssc.iml
101 silly gunzTarPerm extractEntry .idea/libraries/sass_stdlib.xml
102 silly gunzTarPerm extractEntry .idea/misc.xml
103 silly gunzTarPerm extractEntry .idea/modules.xml
104 silly gunzTarPerm extractEntry .idea/scopes/scope_settings.xml
105 silly gunzTarPerm extractEntry .idea/vcs.xml
106 silly gunzTarPerm extractEntry .idea/workspace.xml
107 silly gunzTarPerm extractEntry LICENSE-MIT
108 silly gunzTarPerm extractEntry .jshintrc
109 silly gunzTarPerm extractEntry atlassian-ide-plugin.xml
110 silly gunzTarPerm extractEntry examples/css/01_normalize.css
111 silly gunzTarPerm extractEntry examples/css/02_screen.css
112 silly gunzTarPerm extractEntry examples/css/03_main.css
113 silly gunzTarPerm extractEntry examples/css/04_accur8.css
114 silly gunzTarPerm extractEntry examples/css/_ie.css
115 silly gunzTarPerm extractEntry examples/css/_print.css
116 silly gunzTarPerm extractEntry examples/ie.css
117 silly gunzTarPerm extractEntry examples/main.css
118 silly gunzTarPerm extractEntry examples/print.css
119 silly gunzTarPerm extractEntry .travis.yml
120 silly gunzTarPerm extractEntry tasks/cssc.js
121 silly gunzTarPerm extractEntry test/cssc_test.js
122 silly gunzTarPerm extractEntry test/base_css/01_normalize.css
123 silly gunzTarPerm extractEntry test/base_css/02_screen.css
124 silly gunzTarPerm extractEntry test/base_css/03_main.css
125 silly gunzTarPerm extractEntry test/base_css/04_accur8.css
126 silly gunzTarPerm extractEntry test/base_css/_print.css
127 silly gunzTarPerm extractEntry test/expected/main.css
128 silly gunzTarPerm extractEntry test/fixtures/main.css
129 verbose read json /Users/etiennesamson/.npm/grunt-cssc/0.2.5/package/package.json
130 silly lockFile f0cb9097-son-npm-grunt-cssc-0-2-5-package /Users/etiennesamson/.npm/grunt-cssc/0.2.5/package
131 silly lockFile f0cb9097-son-npm-grunt-cssc-0-2-5-package /Users/etiennesamson/.npm/grunt-cssc/0.2.5/package
132 silly lockFile 39ef740d-npm-grunt-cssc-0-2-5-package-tgz /Users/etiennesamson/.npm/grunt-cssc/0.2.5/package.tgz
133 silly lockFile 39ef740d-npm-grunt-cssc-0-2-5-package-tgz /Users/etiennesamson/.npm/grunt-cssc/0.2.5/package.tgz
134 silly shasum updated bytes 61954
135 info shasum 1474d3421fdd9f94fdc41fcc4026c6413f06d57a
135 info shasum /Users/etiennesamson/.npm/grunt-cssc/0.2.5/package.tgz
136 verbose from cache /Users/etiennesamson/.npm/grunt-cssc/0.2.5/package/package.json
137 verbose chmod /Users/etiennesamson/.npm/grunt-cssc/0.2.5/package.tgz 644
138 verbose chown /Users/etiennesamson/.npm/grunt-cssc/0.2.5/package.tgz [ 501, 20 ]
139 silly lockFile 3a52ce78- .
140 silly publish { name: 'grunt-cssc',
140 silly publish   description: 'css-condense grunt plugin',
140 silly publish   version: '0.2.5',
140 silly publish   homepage: 'https://github.com/mediapart/grunt-cssc',
140 silly publish   author: { name: 'Étienne Samson', email: 'etiennesamson@gmail.com' },
140 silly publish   repository:
140 silly publish    { type: 'git',
140 silly publish      url: 'https://github.com/mediapart/grunt-cssc.git' },
140 silly publish   bugs: { url: 'https://github.com/mediapart/grunt-cssc/issues' },
140 silly publish   licenses:
140 silly publish    [ { type: 'MIT',
140 silly publish        url: 'https://github.com/mediapart/grunt-cssc/blob/master/LICENSE-MIT' } ],
140 silly publish   main: 'Gruntfile.js',
140 silly publish   engines: { node: '>= 0.8.0' },
140 silly publish   scripts: { test: 'grunt test' },
140 silly publish   devDependencies:
140 silly publish    { 'grunt-contrib-jshint': '~0.1.1',
140 silly publish      'grunt-contrib-clean': '~0.4.0',
140 silly publish      'grunt-contrib-nodeunit': '~0.1.2',
140 silly publish      'grunt-contrib-watch': '~0.3.1',
140 silly publish      'css-condense': '~0.0.6',
140 silly publish      grunt: '~0.4.1' },
140 silly publish   peerDependencies: { grunt: '~0.4.1', 'css-condense': '~0.0.6' },
140 silly publish   dependencies: { 'css-condense': '~0.0.6' },
140 silly publish   keywords: [ 'gruntplugin' ],
140 silly publish   readme: '# grunt-cssc\n\n> css-condense grunt plugin\n\ngrunt-cssc is a [grunt](https://github.com/gruntjs/grunt) plugin which allows the use of [css-condense](https://github.com/rstacruz/css-condense) module within grunt.\n\n## Getting Started\nThis plugin requires Grunt `~0.4.1`\n\nIf you haven\'t used [Grunt](http://gruntjs.com/) before, be sure to check out the [Getting Started](http://gruntjs.com/getting-started) guide, as it explains how to create a [Gruntfile](http://gruntjs.com/sample-gruntfile) as well as install and use Grunt plugins. Once you\'re familiar with that process, you may install this plugin with this command:\n\nInstall grunt-cssc module via npm in your project directory\n```shell\nnpm install grunt-cssc --save-dev\n```\n\nOne the plugin has been installed, it may be enabled inside your Gruntfile with this line of JavaScript:\n\n```js\ngrunt.loadNpmTasks(\'grunt-cssc\');\n```\n\n## The "cssc" task\n\nIt is a multi task which means you can process to further executions in the same grunt declaration.\n\n### Overview\nIn your project\'s Gruntfile, add a section named `cssc` to the data object passed into `grunt.initConfig()`.\n\n```js\ngrunt.initConfig({\n  cssc: {\n    csscFirstSet: {\n      files: {\n        \'examples/main.css\': \'examples/css/main.css\'\n      }\n    },\n    csscSecondSet: {\n      files: {\n        \'examples/test.css\': \'examples/css/test.css\'\n      }\n    }\n  },\n})\n```\n\n### Options\n\nFor each set of instruction, you can specify an Option object wich will define the type of compression you need for your specific set.\nIf no options object is defined in your set of instruction, the default compression options will occur.\n\nEach option is based upon [css-condense](https://github.com/rstacruz/css-condense#command-line-usage), here is the list :\n\n* sortSelectors (Boolean, Default true) : if true, sort css files by selectors\n* lineBreaks (Boolean, Default true) : if true, trim line breaks\n* sortDeclarations (Boolean, Default true) : if true, sort css selectors by declarations\n* consolidateViaDeclarations (Boolean, Default false) : if true, merge by declarations\n* consolidateViaSelectors (Boolean, Default true) : if true, merge by selectors\n* consolidateMediaQueries (Boolean, Default true) : if true, merge by mediaqueries\n* compress (Boolean, Default true) : if true, compress the file\n* sort (Boolean, Default false) : if false, turn off sorting\n* safe (Boolean, Default false) : if true, avoid the use of consolidate\n\n\n#### Custom Options\nIn this example, custom options are used to do something else with whatever else. So if the `testing` file has the content `Testing` and the `123` file had the content `1 2 3`, the generated result in this case would be `Testing: 1 2 3 !!!`\n\n```js\ngrunt.initConfig({\n  cssc: {\n    csscFirstSet: {\n      options:{\n        sortSelectors: true,\n        lineBreaks: true,\n        sortDeclarations:true,\n        consolidateViaDeclarations:false,\n        consolidateViaSelectors:false,\n        consolidateMediaQueries:false,\n      },\n      files: {\n        \'examples/main.css\': \'examples/css/main.css\'\n      }\n    },\n    csscSecondSet: {\n      ...\n    }\n  },\n})\n```\n\n####\n\n## Release History\n* 2013/04/30 - v0.2.5 - grunt 0.4.1 grunt-cssc plugin version.\n* 2012/12/11 - v0.1.0 - Initial release.\n\n## License\nCopyright (c) 2012 [Étienne Samson](https://github.com/etiennesamson) for "[Mediapart](https://github.com/mediapart)".\nLicensed under the [Open Source Initiative MIT license](http://opensource.org/licenses/MIT).\n',
140 silly publish   readmeFilename: 'README.md',
140 silly publish   _id: 'grunt-cssc@0.2.5',
140 silly publish   dist: { shasum: '1474d3421fdd9f94fdc41fcc4026c6413f06d57a' },
140 silly publish   _from: '.' }
141 verbose url raw grunt-cssc
142 verbose url resolving [ 'https://registry.npmjs.org/', './grunt-cssc' ]
143 verbose url resolved https://registry.npmjs.org/grunt-cssc
144 info trying registry request attempt 1 at 01:12:01
145 http PUT https://registry.npmjs.org/grunt-cssc
146 http 409 https://registry.npmjs.org/grunt-cssc
147 verbose url raw grunt-cssc
148 verbose url resolving [ 'https://registry.npmjs.org/', './grunt-cssc' ]
149 verbose url resolved https://registry.npmjs.org/grunt-cssc
150 info trying registry request attempt 1 at 01:12:02
151 http GET https://registry.npmjs.org/grunt-cssc
152 http 200 https://registry.npmjs.org/grunt-cssc
153 error publish fail Cannot publish over existing version.
153 error publish fail Update the 'version' field in package.json and try again.
153 error publish fail
153 error publish fail If the previous version was published in error, see:
153 error publish fail     npm help unpublish
153 error publish fail
153 error publish fail To automatically increment version numbers, see:
153 error publish fail     npm help version
154 error System Darwin 12.3.0
155 error command "node" "/usr/local/bin/npm" "publish"
156 error cwd /Users/etiennesamson/Sites/github/grunt-cssc
157 error node -v v0.10.4
158 error npm -v 1.2.18
159 error code EPUBLISHCONFLICT
160 verbose exit [ 1, true ]
